2025-03-25 10:39:39 - [32minfo[39m: Running SDK with args /Users/abduyevkm/.nvm/versions/node/v20.10.0/bin/node /Users/abduyevkm/Desktop/Sample/node_modules/.bin/browserstack-node-sdk cucumber-js test --tags @login
2025-03-25 10:39:39 - [32minfo[39m: Reading configs from /Users/abduyevkm/Desktop/Sample/browserstack-hfwebauto.yml
2025-03-25 10:39:39 - [32minfo[39m: SDK run started with id: 54c8e4d7-c9d0-401d-bd14-42199b35a502
2025-03-25 10:39:39 - [32minfo[39m: Project and debug logs are captured by default. To disable, set disableAutoCaptureLogs: true in config.
2025-03-25 10:39:44 - [32minfo[39m: Local binary started successfully
2025-03-25 10:39:47 - [32minfo[39m: Testhub started with id: 6lawqmjrtssvsjtcvef1cbm2dcvhbrottxvvf0vz
2025-03-25 10:39:49 - [32minfo[39m: Configuring to run tests on BrowserStack
2025-03-25 10:39:52 - [32minfo[39m: Configuring to run tests on BrowserStack
2025-03-25 10:39:57 - [32minfo[39m: Visit https://observability.browserstack.com/builds/6lawqmjrtssvsjtcvef1cbm2dcvhbrottxvvf0vz to view build report, insights, and many more debugging information all at one place!

2025-03-25 10:40:00 - [32minfo[39m: SDK run ended for id: 54c8e4d7-c9d0-401d-bd14-42199b35a502, testhub id: 6lawqmjrtssvsjtcvef1cbm2dcvhbrottxvvf0vz
2025-03-25 10:40:06 - [32minfo[39m: Local binary stopped
2025-03-25 10:49:50 - [32minfo[39m: Running SDK with args /Users/abduyevkm/.nvm/versions/node/v20.10.0/bin/node /Users/abduyevkm/Desktop/Sample/node_modules/.bin/browserstack-node-sdk cucumber-js test
2025-03-25 10:49:50 - [32minfo[39m: Reading configs from /Users/abduyevkm/Desktop/Sample/browserstack-hfwebauto.yml
2025-03-25 10:49:50 - [32minfo[39m: SDK run started with id: ed404dc8-ca0c-4de3-bb89-2fef6cf52787
2025-03-25 10:49:50 - [32minfo[39m: Project and debug logs are captured by default. To disable, set disableAutoCaptureLogs: true in config.
2025-03-25 10:49:55 - [32minfo[39m: Local binary started successfully
2025-03-25 10:49:57 - [32minfo[39m: Testhub started with id: haqdqqg1yejhv46xx9hzxvww23mptvzhcbw32hho
2025-03-25 10:49:59 - [32minfo[39m: Configuring to run tests on BrowserStack
2025-03-25 10:50:01 - [32minfo[39m: Configuring to run tests on BrowserStack
2025-03-25 10:50:06 - [32minfo[39m: Visit https://observability.browserstack.com/builds/haqdqqg1yejhv46xx9hzxvww23mptvzhcbw32hho to view build report, insights, and many more debugging information all at one place!

2025-03-25 10:50:08 - [32minfo[39m: SDK run ended for id: ed404dc8-ca0c-4de3-bb89-2fef6cf52787, testhub id: haqdqqg1yejhv46xx9hzxvww23mptvzhcbw32hho
2025-03-25 10:50:14 - [32minfo[39m: Local binary stopped
2025-03-25 10:52:03 - [32minfo[39m: Running SDK with args /Users/abduyevkm/.nvm/versions/node/v20.10.0/bin/node /Users/abduyevkm/Desktop/Sample/node_modules/.bin/browserstack-node-sdk cucumber-js test
2025-03-25 10:52:03 - [32minfo[39m: Reading configs from /Users/abduyevkm/Desktop/Sample/browserstack-hfwebauto.yml
2025-03-25 10:52:03 - [32minfo[39m: SDK run started with id: 9a046a94-96c1-4b6b-b871-f502d92e39bc
2025-03-25 10:52:03 - [32minfo[39m: Project and debug logs are captured by default. To disable, set disableAutoCaptureLogs: true in config.
2025-03-25 10:52:08 - [32minfo[39m: Local binary started successfully
2025-03-25 10:52:10 - [32minfo[39m: Testhub started with id: cehe2oafs19pcoeglvmoben2cmrcz1bqca2kavws
2025-03-25 10:52:12 - [32minfo[39m: Configuring to run tests on BrowserStack
2025-03-25 10:52:15 - [32minfo[39m: Configuring to run tests on BrowserStack
2025-03-25 10:52:20 - [32minfo[39m: Visit https://observability.browserstack.com/builds/cehe2oafs19pcoeglvmoben2cmrcz1bqca2kavws to view build report, insights, and many more debugging information all at one place!

2025-03-25 10:52:21 - [32minfo[39m: SDK run ended for id: 9a046a94-96c1-4b6b-b871-f502d92e39bc, testhub id: cehe2oafs19pcoeglvmoben2cmrcz1bqca2kavws
2025-03-25 10:52:27 - [32minfo[39m: Local binary stopped
